[0908/180332:ERROR:process_info.cc(103)] ReadProcessMemory bool __cdecl crashpad::`anonymous-namespace'::ReadStruct<struct crashpad::process_types::LDR_DATA_TABLE_ENTRY<struct crashpad::process_types::internal::Traits32>>(void *,unsigned __int64,struct crashpad::process_types::LDR_DATA_TABLE_ENTRY<struct crashpad::process_types::internal::Traits32> *): Only part of a ReadProcessMemory or WriteProcessMemory request was completed. (0x12B)
[0908/180333:ERROR:process_info.cc(330)] VirtualQueryEx: Access is denied. (0x5)
[0908/180333:ERROR:process_info.cc(547)] ReadMemoryInfo failed
[0908/180333:ERROR:process_info.cc(608)] range at 0x7f8c7000, size 0x230 fully unreadable
[0908/180333:ERROR:process_reader_win.cc(233)] ReadMemory at 0x7f8c7000 of 560 bytes failed: Only part of a ReadProcessMemory or WriteProcessMemory request was completed. (0x12B)
[0908/180333:ERROR:process_snapshot_win.cc(359)] ReadMemory PEB
[0908/180333:ERROR:process_reader_win.cc(233)] ReadMemory at 0x1340000 of 64 bytes failed: Only part of a ReadProcessMemory or WriteProcessMemory request was completed. (0x12B)
[0908/180333:WARNING:pe_image_reader.cc(281)] could not read dos header from C:\Program Files\Google\Chrome\Application\chrome.exe
[0908/180333:ERROR:process_reader_win.cc(233)] ReadMemory at 0x77110000 of 64 bytes failed: Only part of a ReadProcessMemory or WriteProcessMemory request was completed. (0x12B)
[0908/180333:WARNING:pe_image_reader.cc(281)] could not read dos header from C:\Windows\SYSTEM32\ntdll.dll
[0908/180333:ERROR:process_reader_win.cc(233)] ReadMemory at 0x74860000 of 64 bytes failed: Only part of a ReadProcessMemory or WriteProcessMemory request was completed. (0x12B)
[0908/180333:WARNING:pe_image_reader.cc(281)] could not read dos header from C:\Windows\system32\KERNELBASE.dll
[0908/180333:ERROR:process_reader_win.cc(233)] ReadMemory at 0x77207200 of 5888 bytes failed: Only part of a ReadProcessMemory or WriteProcessMemory request was completed. (0x12B)
[0908/180333:ERROR:process_reader_win.cc(233)] ReadMemory at 0x1340000 of 64 bytes failed: Only part of a ReadProcessMemory or WriteProcessMemory request was completed. (0x12B)
[0908/180333:WARNING:pe_image_reader.cc(281)] could not read dos header from C:\Program Files\Google\Chrome\Application\chrome.exe
[0908/180333:ERROR:process_reader_win.cc(233)] ReadMemory at 0x77110000 of 64 bytes failed: Only part of a ReadProcessMemory or WriteProcessMemory request was completed. (0x12B)
[0908/180333:WARNING:pe_image_reader.cc(281)] could not read dos header from C:\Windows\SYSTEM32\ntdll.dll
[0908/180333:ERROR:process_reader_win.cc(233)] ReadMemory at 0x74860000 of 64 bytes failed: Only part of a ReadProcessMemory or WriteProcessMemory request was completed. (0x12B)
[0908/180333:WARNING:pe_image_reader.cc(281)] could not read dos header from C:\Windows\system32\KERNELBASE.dll
[0908/180333:ERROR:process_reader_win.cc(99)] process 5560 not found
[0908/180333:ERROR:process_reader_win.cc(233)] ReadMemory at 0x1340000 of 64 bytes failed: Only part of a ReadProcessMemory or WriteProcessMemory request was completed. (0x12B)
[0908/180333:WARNING:pe_image_reader.cc(281)] could not read dos header from C:\Program Files\Google\Chrome\Application\chrome.exe
[0908/180333:ERROR:process_reader_win.cc(233)] ReadMemory at 0x77110000 of 64 bytes failed: Only part of a ReadProcessMemory or WriteProcessMemory request was completed. (0x12B)
[0908/180333:WARNING:pe_image_reader.cc(281)] could not read dos header from C:\Windows\SYSTEM32\ntdll.dll
[0908/180333:ERROR:process_reader_win.cc(233)] ReadMemory at 0x74860000 of 64 bytes failed: Only part of a ReadProcessMemory or WriteProcessMemory request was completed. (0x12B)
[0908/180333:WARNING:pe_image_reader.cc(281)] could not read dos header from C:\Windows\system32\KERNELBASE.dll
[0908/180333:ERROR:process_reader_win.cc(233)] ReadMemory at 0x13ffbb4 of 12 bytes failed: Only part of a ReadProcessMemory or WriteProcessMemory request was completed. (0x12B)
[0908/180333:WARNING:process_snapshot_win.cc(104)] ReadMemory ExceptionInformation failed
[0908/180333:WARNING:crash_report_exception_handler.cc(60)] ProcessSnapshotWin::InitializeException failed
[0908/180333:ERROR:scoped_process_suspend.cc(38)] NtResumeProcess, ntstatus=-1073741558
